WARNING: Using incubator modules: jdk.incubator.vector
Using Spark's default log4j profile: org/apache/spark/log4j2-defaults.properties
25/12/16 13:46:19 WARN Utils: Your hostname, RaduPC, resolves to a loopback address: 127.0.1.1; using 10.255.255.254 instead (on interface lo)
25/12/16 13:46:19 WARN Utils: Set SPARK_LOCAL_IP if you need to bind to another address
Using Spark's default log4j profile: org/apache/spark/log4j2-defaults.properties
Setting default log level to "WARN".
To adjust logging level use sc.setLogLevel(newLevel). For SparkR, use setLogLevel(newLevel).
25/12/16 13:46:19 WARN NativeCodeLoader: Unable to load native-hadoop library for your platform... using builtin-java classes where applicable
2025-12-16 13:46:33,819 INFO XGBoost-PySpark: _fit Running xgboost-3.1.2 on 8 workers with
	booster params: {'objective': 'reg:squarederror', 'colsample_bytree': 0.8, 'device': 'cpu', 'eval_metric': 'rmse', 'max_depth': 6, 'reg_lambda': 1.0, 'subsample': 0.8, 'tree_method': 'hist', 'eta': 0.05, 'nthread': 1}
	train_call_kwargs_params: {'verbose_eval': True, 'num_boost_round': 600}
	dmatrix_kwargs: {'nthread': 1, 'missing': nan}
[Stage 112:>                                                        (0 + 8) / 8]2025-12-16 13:46:36,947 INFO XGBoost-PySpark: _train_booster Training on CPUs
[13:46:38] Task 3 got rank 3
[13:46:38] Task 2 got rank 2
[13:46:38] Task 5 got rank 5
[13:46:38] Task 1 got rank 1
[13:46:38] Task 4 got rank 4
[13:46:38] Task 6 got rank 6
[13:46:38] Task 0 got rank 0
[13:46:38] Task 7 got rank 7
[13:46:38] [0]	training-rmse:0.37352
[13:46:38] [1]	training-rmse:0.36558
[13:46:38] [2]	training-rmse:0.35712
[13:46:38] [3]	training-rmse:0.35027
[13:46:38] [4]	training-rmse:0.34301
[13:46:38] [5]	training-rmse:0.33558
[13:46:38] [6]	training-rmse:0.32970
[13:46:38] [7]	training-rmse:0.32357
[13:46:38] [8]	training-rmse:0.31929
[13:46:38] [9]	training-rmse:0.31241
[13:46:38] [10]	training-rmse:0.30591
[13:46:38] [11]	training-rmse:0.29998
[13:46:38] [12]	training-rmse:0.29485
[13:46:38] [13]	training-rmse:0.28993
[13:46:38] [14]	training-rmse:0.28557
[13:46:38] [15]	training-rmse:0.28175
[13:46:38] [16]	training-rmse:0.27733
[13:46:38] [17]	training-rmse:0.27287
[13:46:38] [18]	training-rmse:0.26873
[13:46:38] [19]	training-rmse:0.26534
[13:46:38] [20]	training-rmse:0.26066
[13:46:38] [21]	training-rmse:0.25769
[13:46:38] [22]	training-rmse:0.25332
[13:46:38] [23]	training-rmse:0.25093
[13:46:38] [24]	training-rmse:0.24724
[13:46:38] [25]	training-rmse:0.24469
[13:46:38] [26]	training-rmse:0.24079
[13:46:38] [27]	training-rmse:0.23690
[13:46:38] [28]	training-rmse:0.23469
[13:46:38] [29]	training-rmse:0.23183
[13:46:38] [30]	training-rmse:0.22926
[13:46:38] [31]	training-rmse:0.22638
[13:46:38] [32]	training-rmse:0.22357
[13:46:38] [33]	training-rmse:0.22103
[13:46:39] [34]	training-rmse:0.21841
[13:46:39] [35]	training-rmse:0.21578
[13:46:39] [36]	training-rmse:0.21406
[13:46:39] [37]	training-rmse:0.21164
[13:46:39] [38]	training-rmse:0.21011
[13:46:39] [39]	training-rmse:0.20798
[13:46:39] [40]	training-rmse:0.20507
[13:46:39] [41]	training-rmse:0.20315
[13:46:39] [42]	training-rmse:0.20003
[13:46:39] [43]	training-rmse:0.19867
[13:46:39] [44]	training-rmse:0.19734
[13:46:39] [45]	training-rmse:0.19575
[13:46:39] [46]	training-rmse:0.19385
[13:46:39] [47]	training-rmse:0.19216
[13:46:39] [48]	training-rmse:0.19068
[13:46:39] [49]	training-rmse:0.18907
[13:46:39] [50]	training-rmse:0.18716
[13:46:39] [51]	training-rmse:0.18516
[13:46:39] [52]	training-rmse:0.18392
[13:46:39] [53]	training-rmse:0.18261
[13:46:39] [54]	training-rmse:0.18132
[13:46:39] [55]	training-rmse:0.18018
[13:46:39] [56]	training-rmse:0.17833
[13:46:39] [57]	training-rmse:0.17704
[13:46:39] [58]	training-rmse:0.17601
[13:46:39] [59]	training-rmse:0.17467
[13:46:39] [60]	training-rmse:0.17330
[13:46:39] [61]	training-rmse:0.17202
[13:46:39] [62]	training-rmse:0.17048
[13:46:39] [63]	training-rmse:0.16965
[13:46:39] [64]	training-rmse:0.16851
[13:46:39] [65]	training-rmse:0.16760
[13:46:39] [66]	training-rmse:0.16662
[13:46:39] [67]	training-rmse:0.16521
[13:46:39] [68]	training-rmse:0.16395
[13:46:39] [69]	training-rmse:0.16258
[13:46:39] [70]	training-rmse:0.16146
[13:46:39] [71]	training-rmse:0.16041
[13:46:39] [72]	training-rmse:0.15974
[13:46:40] [73]	training-rmse:0.15900
[13:46:40] [74]	training-rmse:0.15804
[13:46:40] [75]	training-rmse:0.15696
[13:46:40] [76]	training-rmse:0.15599
[13:46:40] [77]	training-rmse:0.15499
[13:46:40] [78]	training-rmse:0.15371
[13:46:40] [79]	training-rmse:0.15282
[13:46:40] [80]	training-rmse:0.15214
[13:46:40] [81]	training-rmse:0.15067
[13:46:40] [82]	training-rmse:0.14930
[13:46:40] [83]	training-rmse:0.14802
[13:46:40] [84]	training-rmse:0.14717
[13:46:40] [85]	training-rmse:0.14642
[13:46:40] [86]	training-rmse:0.14555
[13:46:40] [87]	training-rmse:0.14479
[13:46:40] [88]	training-rmse:0.14401
[13:46:40] [89]	training-rmse:0.14345
[13:46:40] [90]	training-rmse:0.14221
[13:46:40] [91]	training-rmse:0.14152
[13:46:40] [92]	training-rmse:0.14042
[13:46:40] [93]	training-rmse:0.13928
[13:46:40] [94]	training-rmse:0.13871
[13:46:40] [95]	training-rmse:0.13776
[13:46:40] [96]	training-rmse:0.13668
[13:46:40] [97]	training-rmse:0.13612
[13:46:40] [98]	training-rmse:0.13555
[13:46:40] [99]	training-rmse:0.13476
[13:46:40] [100]	training-rmse:0.13384
[13:46:40] [101]	training-rmse:0.13265
[13:46:40] [102]	training-rmse:0.13120
[13:46:40] [103]	training-rmse:0.13076
[13:46:40] [104]	training-rmse:0.13006
[13:46:40] [105]	training-rmse:0.12941
[13:46:40] [106]	training-rmse:0.12907
[13:46:40] [107]	training-rmse:0.12813
[13:46:40] [108]	training-rmse:0.12769
[13:46:41] [109]	training-rmse:0.12645
[13:46:41] [110]	training-rmse:0.12548
[13:46:41] [111]	training-rmse:0.12522
[13:46:41] [112]	training-rmse:0.12410
[13:46:41] [113]	training-rmse:0.12336
[13:46:41] [114]	training-rmse:0.12281
[13:46:41] [115]	training-rmse:0.12153
[13:46:41] [116]	training-rmse:0.12051
[13:46:41] [117]	training-rmse:0.11923
[13:46:41] [118]	training-rmse:0.11884
[13:46:41] [119]	training-rmse:0.11840
[13:46:41] [120]	training-rmse:0.11732
[13:46:41] [121]	training-rmse:0.11618
[13:46:41] [122]	training-rmse:0.11555
[13:46:41] [123]	training-rmse:0.11499
[13:46:41] [124]	training-rmse:0.11415
[13:46:41] [125]	training-rmse:0.11293
[13:46:41] [126]	training-rmse:0.11151
[13:46:41] [127]	training-rmse:0.11039
[13:46:41] [128]	training-rmse:0.10903
[13:46:41] [129]	training-rmse:0.10764
[13:46:41] [130]	training-rmse:0.10684
[13:46:41] [131]	training-rmse:0.10632
[13:46:41] [132]	training-rmse:0.10562
[13:46:41] [133]	training-rmse:0.10484
[13:46:41] [134]	training-rmse:0.10423
[13:46:41] [135]	training-rmse:0.10336
[13:46:41] [136]	training-rmse:0.10231
[13:46:41] [137]	training-rmse:0.10193
[13:46:41] [138]	training-rmse:0.10134
[13:46:42] [139]	training-rmse:0.10059
[13:46:42] [140]	training-rmse:0.09981
[13:46:42] [141]	training-rmse:0.09952
[13:46:42] [142]	training-rmse:0.09872
[13:46:42] [143]	training-rmse:0.09809
[13:46:42] [144]	training-rmse:0.09737
[13:46:42] [145]	training-rmse:0.09674
[13:46:42] [146]	training-rmse:0.09613
[13:46:42] [147]	training-rmse:0.09559
[13:46:42] [148]	training-rmse:0.09462
[13:46:42] [149]	training-rmse:0.09386
[13:46:42] [150]	training-rmse:0.09358
[13:46:42] [151]	training-rmse:0.09275
[13:46:42] [152]	training-rmse:0.09172
[13:46:42] [153]	training-rmse:0.09055
[13:46:42] [154]	training-rmse:0.08986
[13:46:42] [155]	training-rmse:0.08920
[13:46:42] [156]	training-rmse:0.08861
[13:46:42] [157]	training-rmse:0.08822
[13:46:42] [158]	training-rmse:0.08773
[13:46:42] [159]	training-rmse:0.08698
[13:46:42] [160]	training-rmse:0.08591
[13:46:42] [161]	training-rmse:0.08551
[13:46:42] [162]	training-rmse:0.08489
[13:46:42] [163]	training-rmse:0.08409
[13:46:42] [164]	training-rmse:0.08325
[13:46:42] [165]	training-rmse:0.08267
[13:46:42] [166]	training-rmse:0.08171
[13:46:42] [167]	training-rmse:0.08106
[13:46:43] [168]	training-rmse:0.08025
[13:46:43] [169]	training-rmse:0.08002
[13:46:43] [170]	training-rmse:0.07927
[13:46:43] [171]	training-rmse:0.07861
[13:46:43] [172]	training-rmse:0.07790
[13:46:43] [173]	training-rmse:0.07725
[13:46:43] [174]	training-rmse:0.07692
[13:46:43] [175]	training-rmse:0.07625
[13:46:43] [176]	training-rmse:0.07576
[13:46:43] [177]	training-rmse:0.07515
[13:46:43] [178]	training-rmse:0.07426
[13:46:43] [179]	training-rmse:0.07401
[13:46:43] [180]	training-rmse:0.07339
[13:46:43] [181]	training-rmse:0.07302
[13:46:43] [182]	training-rmse:0.07241
[13:46:43] [183]	training-rmse:0.07196
[13:46:43] [184]	training-rmse:0.07149
[13:46:43] [185]	training-rmse:0.07082
[13:46:43] [186]	training-rmse:0.07034
[13:46:43] [187]	training-rmse:0.07019
[13:46:43] [188]	training-rmse:0.06966
[13:46:43] [189]	training-rmse:0.06914
[13:46:43] [190]	training-rmse:0.06885
[13:46:43] [191]	training-rmse:0.06819
[13:46:43] [192]	training-rmse:0.06758
[13:46:43] [193]	training-rmse:0.06707
[13:46:43] [194]	training-rmse:0.06637
[13:46:43] [195]	training-rmse:0.06578
[13:46:43] [196]	training-rmse:0.06552
[13:46:43] [197]	training-rmse:0.06483
[13:46:44] [198]	training-rmse:0.06408
[13:46:44] [199]	training-rmse:0.06322
[13:46:44] [200]	training-rmse:0.06269
[13:46:44] [201]	training-rmse:0.06242
[13:46:44] [202]	training-rmse:0.06193
[13:46:44] [203]	training-rmse:0.06151
[13:46:44] [204]	training-rmse:0.06086
[13:46:44] [205]	training-rmse:0.06043
[13:46:44] [206]	training-rmse:0.05981
[13:46:44] [207]	training-rmse:0.05945
[13:46:44] [208]	training-rmse:0.05928
[13:46:44] [209]	training-rmse:0.05875
[13:46:44] [210]	training-rmse:0.05834
[13:46:44] [211]	training-rmse:0.05793
[13:46:44] [212]	training-rmse:0.05745
[13:46:44] [213]	training-rmse:0.05696
[13:46:44] [214]	training-rmse:0.05630
[13:46:44] [215]	training-rmse:0.05569
[13:46:44] [216]	training-rmse:0.05516
[13:46:44] [217]	training-rmse:0.05478
[13:46:44] [218]	training-rmse:0.05430
[13:46:44] [219]	training-rmse:0.05375
[13:46:44] [220]	training-rmse:0.05351
[13:46:44] [221]	training-rmse:0.05332
[13:46:44] [222]	training-rmse:0.05298
[13:46:44] [223]	training-rmse:0.05238
[13:46:44] [224]	training-rmse:0.05215
[13:46:44] [225]	training-rmse:0.05180
[13:46:45] [226]	training-rmse:0.05143
[13:46:45] [227]	training-rmse:0.05073
[13:46:45] [228]	training-rmse:0.05017
[13:46:45] [229]	training-rmse:0.04961
[13:46:45] [230]	training-rmse:0.04923
[13:46:45] [231]	training-rmse:0.04878
[13:46:45] [232]	training-rmse:0.04850
[13:46:45] [233]	training-rmse:0.04797
[13:46:45] [234]	training-rmse:0.04760
[13:46:45] [235]	training-rmse:0.04718
[13:46:45] [236]	training-rmse:0.04695
[13:46:45] [237]	training-rmse:0.04664
[13:46:45] [238]	training-rmse:0.04627
[13:46:45] [239]	training-rmse:0.04603
[13:46:45] [240]	training-rmse:0.04579
[13:46:45] [241]	training-rmse:0.04556
[13:46:45] [242]	training-rmse:0.04526
[13:46:45] [243]	training-rmse:0.04486
[13:46:45] [244]	training-rmse:0.04458
[13:46:45] [245]	training-rmse:0.04439
[13:46:45] [246]	training-rmse:0.04400
[13:46:45] [247]	training-rmse:0.04374
[13:46:45] [248]	training-rmse:0.04333
[13:46:45] [249]	training-rmse:0.04293
[13:46:45] [250]	training-rmse:0.04263
[13:46:45] [251]	training-rmse:0.04227
[13:46:45] [252]	training-rmse:0.04198
[13:46:46] [253]	training-rmse:0.04159
[13:46:46] [254]	training-rmse:0.04135
[13:46:46] [255]	training-rmse:0.04096
[13:46:46] [256]	training-rmse:0.04067
[13:46:46] [257]	training-rmse:0.04040
[13:46:46] [258]	training-rmse:0.04015
[13:46:46] [259]	training-rmse:0.03991
[13:46:46] [260]	training-rmse:0.03960
[13:46:46] [261]	training-rmse:0.03929
[13:46:46] [262]	training-rmse:0.03915
[13:46:46] [263]	training-rmse:0.03878
[13:46:46] [264]	training-rmse:0.03872
[13:46:46] [265]	training-rmse:0.03860
[13:46:46] [266]	training-rmse:0.03847
[13:46:46] [267]	training-rmse:0.03823
[13:46:46] [268]	training-rmse:0.03786
[13:46:46] [269]	training-rmse:0.03751
[13:46:46] [270]	training-rmse:0.03707
[13:46:46] [271]	training-rmse:0.03679
[13:46:46] [272]	training-rmse:0.03638
[13:46:46] [273]	training-rmse:0.03602
[13:46:46] [274]	training-rmse:0.03572
[13:46:46] [275]	training-rmse:0.03544
[13:46:46] [276]	training-rmse:0.03515
[13:46:46] [277]	training-rmse:0.03503
[13:46:46] [278]	training-rmse:0.03470
[13:46:46] [279]	training-rmse:0.03442
[13:46:46] [280]	training-rmse:0.03431
[13:46:47] [281]	training-rmse:0.03393
[13:46:47] [282]	training-rmse:0.03366
[13:46:47] [283]	training-rmse:0.03339
[13:46:47] [284]	training-rmse:0.03329
[13:46:47] [285]	training-rmse:0.03293
[13:46:47] [286]	training-rmse:0.03264
[13:46:47] [287]	training-rmse:0.03242
[13:46:47] [288]	training-rmse:0.03221
[13:46:47] [289]	training-rmse:0.03208
[13:46:47] [290]	training-rmse:0.03173
[13:46:47] [291]	training-rmse:0.03162
[13:46:47] [292]	training-rmse:0.03147
[13:46:47] [293]	training-rmse:0.03122
[13:46:47] [294]	training-rmse:0.03096
[13:46:47] [295]	training-rmse:0.03071
[13:46:47] [296]	training-rmse:0.03048
[13:46:47] [297]	training-rmse:0.03027
[13:46:47] [298]	training-rmse:0.03007
[13:46:47] [299]	training-rmse:0.02981
[13:46:47] [300]	training-rmse:0.02959
[13:46:47] [301]	training-rmse:0.02928
[13:46:47] [302]	training-rmse:0.02908
[13:46:47] [303]	training-rmse:0.02866
[13:46:47] [304]	training-rmse:0.02844
[13:46:47] [305]	training-rmse:0.02830
[13:46:47] [306]	training-rmse:0.02812
[13:46:47] [307]	training-rmse:0.02801
[13:46:47] [308]	training-rmse:0.02766
[13:46:48] [309]	training-rmse:0.02745
[13:46:48] [310]	training-rmse:0.02717
[13:46:48] [311]	training-rmse:0.02701
[13:46:48] [312]	training-rmse:0.02688
[13:46:48] [313]	training-rmse:0.02666
[13:46:48] [314]	training-rmse:0.02656
[13:46:48] [315]	training-rmse:0.02636
[13:46:48] [316]	training-rmse:0.02616
[13:46:48] [317]	training-rmse:0.02601
[13:46:48] [318]	training-rmse:0.02589
[13:46:48] [319]	training-rmse:0.02580
[13:46:48] [320]	training-rmse:0.02563
[13:46:48] [321]	training-rmse:0.02547
[13:46:48] [322]	training-rmse:0.02527
[13:46:48] [323]	training-rmse:0.02510
[13:46:48] [324]	training-rmse:0.02487
[13:46:48] [325]	training-rmse:0.02472
[13:46:48] [326]	training-rmse:0.02453
[13:46:48] [327]	training-rmse:0.02432
[13:46:48] [328]	training-rmse:0.02408
[13:46:48] [329]	training-rmse:0.02390
[13:46:48] [330]	training-rmse:0.02373
[13:46:48] [331]	training-rmse:0.02341
[13:46:48] [332]	training-rmse:0.02326
[13:46:48] [333]	training-rmse:0.02309
[13:46:48] [334]	training-rmse:0.02294
[13:46:48] [335]	training-rmse:0.02285
[13:46:48] [336]	training-rmse:0.02277
[13:46:48] [337]	training-rmse:0.02262
[13:46:49] [338]	training-rmse:0.02242
[13:46:49] [339]	training-rmse:0.02231
[13:46:49] [340]	training-rmse:0.02214
[13:46:49] [341]	training-rmse:0.02194
[13:46:49] [342]	training-rmse:0.02182
[13:46:49] [343]	training-rmse:0.02168
[13:46:49] [344]	training-rmse:0.02143
[13:46:49] [345]	training-rmse:0.02131
[13:46:49] [346]	training-rmse:0.02110
[13:46:49] [347]	training-rmse:0.02089
[13:46:49] [348]	training-rmse:0.02067
[13:46:49] [349]	training-rmse:0.02046
[13:46:49] [350]	training-rmse:0.02028
[13:46:49] [351]	training-rmse:0.02013
[13:46:49] [352]	training-rmse:0.01997
[13:46:49] [353]	training-rmse:0.01978
[13:46:49] [354]	training-rmse:0.01965
[13:46:49] [355]	training-rmse:0.01949
[13:46:49] [356]	training-rmse:0.01936
[13:46:49] [357]	training-rmse:0.01934
[13:46:49] [358]	training-rmse:0.01915
[13:46:49] [359]	training-rmse:0.01897
[13:46:49] [360]	training-rmse:0.01883
[13:46:49] [361]	training-rmse:0.01867
[13:46:49] [362]	training-rmse:0.01846
[13:46:49] [363]	training-rmse:0.01838
[13:46:49] [364]	training-rmse:0.01830
[13:46:49] [365]	training-rmse:0.01820
[13:46:50] [366]	training-rmse:0.01806
[13:46:50] [367]	training-rmse:0.01796
[13:46:50] [368]	training-rmse:0.01788
[13:46:50] [369]	training-rmse:0.01780
[13:46:50] [370]	training-rmse:0.01768
[13:46:50] [371]	training-rmse:0.01761
[13:46:50] [372]	training-rmse:0.01743
[13:46:50] [373]	training-rmse:0.01726
[13:46:50] [374]	training-rmse:0.01720
[13:46:50] [375]	training-rmse:0.01702
[13:46:50] [376]	training-rmse:0.01690
[13:46:50] [377]	training-rmse:0.01679
[13:46:50] [378]	training-rmse:0.01664
[13:46:50] [379]	training-rmse:0.01650
[13:46:50] [380]	training-rmse:0.01637
[13:46:50] [381]	training-rmse:0.01626
[13:46:50] [382]	training-rmse:0.01613
[13:46:50] [383]	training-rmse:0.01601
[13:46:50] [384]	training-rmse:0.01588
[13:46:50] [385]	training-rmse:0.01585
[13:46:50] [386]	training-rmse:0.01577
[13:46:50] [387]	training-rmse:0.01563
[13:46:50] [388]	training-rmse:0.01554
[13:46:50] [389]	training-rmse:0.01536
[13:46:50] [390]	training-rmse:0.01524
[13:46:50] [391]	training-rmse:0.01515
[13:46:51] [392]	training-rmse:0.01504
[13:46:51] [393]	training-rmse:0.01486
[13:46:51] [394]	training-rmse:0.01479
[13:46:51] [395]	training-rmse:0.01471
[13:46:51] [396]	training-rmse:0.01462
[13:46:51] [397]	training-rmse:0.01450
[13:46:51] [398]	training-rmse:0.01438
[13:46:51] [399]	training-rmse:0.01430
[13:46:51] [400]	training-rmse:0.01420
[13:46:51] [401]	training-rmse:0.01406
[13:46:51] [402]	training-rmse:0.01397
[13:46:51] [403]	training-rmse:0.01389
[13:46:51] [404]	training-rmse:0.01378
[13:46:51] [405]	training-rmse:0.01369
[13:46:51] [406]	training-rmse:0.01362
[13:46:51] [407]	training-rmse:0.01349
[13:46:51] [408]	training-rmse:0.01340
[13:46:51] [409]	training-rmse:0.01328
[13:46:51] [410]	training-rmse:0.01318
[13:46:51] [411]	training-rmse:0.01315
[13:46:51] [412]	training-rmse:0.01302
[13:46:51] [413]	training-rmse:0.01291
[13:46:51] [414]	training-rmse:0.01281
[13:46:51] [415]	training-rmse:0.01272
[13:46:52] [416]	training-rmse:0.01260
[13:46:52] [417]	training-rmse:0.01252
[13:46:52] [418]	training-rmse:0.01239
[13:46:52] [419]	training-rmse:0.01231
[13:46:52] [420]	training-rmse:0.01219
[13:46:52] [421]	training-rmse:0.01215
[13:46:52] [422]	training-rmse:0.01212
[13:46:52] [423]	training-rmse:0.01206
[13:46:52] [424]	training-rmse:0.01191
[13:46:52] [425]	training-rmse:0.01184
[13:46:52] [426]	training-rmse:0.01176
[13:46:52] [427]	training-rmse:0.01172
[13:46:52] [428]	training-rmse:0.01162
[13:46:52] [429]	training-rmse:0.01153
[13:46:52] [430]	training-rmse:0.01146
[13:46:52] [431]	training-rmse:0.01140
[13:46:52] [432]	training-rmse:0.01133
[13:46:52] [433]	training-rmse:0.01123
[13:46:52] [434]	training-rmse:0.01113
[13:46:52] [435]	training-rmse:0.01101
[13:46:52] [436]	training-rmse:0.01088
[13:46:52] [437]	training-rmse:0.01083
[13:46:52] [438]	training-rmse:0.01074
[13:46:52] [439]	training-rmse:0.01069
[13:46:52] [440]	training-rmse:0.01060
[13:46:53] [441]	training-rmse:0.01051
[13:46:53] [442]	training-rmse:0.01042
[13:46:53] [443]	training-rmse:0.01036
[13:46:53] [444]	training-rmse:0.01035
[13:46:53] [445]	training-rmse:0.01027
[13:46:53] [446]	training-rmse:0.01020
[13:46:53] [447]	training-rmse:0.01012
[13:46:53] [448]	training-rmse:0.01004
[13:46:53] [449]	training-rmse:0.00998
[13:46:53] [450]	training-rmse:0.00991
[13:46:53] [451]	training-rmse:0.00986
[13:46:53] [452]	training-rmse:0.00979
[13:46:53] [453]	training-rmse:0.00973
[13:46:53] [454]	training-rmse:0.00969
[13:46:53] [455]	training-rmse:0.00962
[13:46:53] [456]	training-rmse:0.00955
[13:46:53] [457]	training-rmse:0.00949
[13:46:53] [458]	training-rmse:0.00939
[13:46:53] [459]	training-rmse:0.00934
[13:46:53] [460]	training-rmse:0.00928
[13:46:53] [461]	training-rmse:0.00922
[13:46:53] [462]	training-rmse:0.00918
[13:46:53] [463]	training-rmse:0.00914
[13:46:53] [464]	training-rmse:0.00908
[13:46:54] [465]	training-rmse:0.00899
[13:46:54] [466]	training-rmse:0.00891
[13:46:54] [467]	training-rmse:0.00884
[13:46:54] [468]	training-rmse:0.00874
[13:46:54] [469]	training-rmse:0.00869
[13:46:54] [470]	training-rmse:0.00865
[13:46:54] [471]	training-rmse:0.00860
[13:46:54] [472]	training-rmse:0.00856
[13:46:54] [473]	training-rmse:0.00852
[13:46:54] [474]	training-rmse:0.00844
[13:46:54] [475]	training-rmse:0.00837
[13:46:54] [476]	training-rmse:0.00828
[13:46:54] [477]	training-rmse:0.00820
[13:46:54] [478]	training-rmse:0.00814
[13:46:54] [479]	training-rmse:0.00808
[13:46:54] [480]	training-rmse:0.00798
[13:46:54] [481]	training-rmse:0.00791
[13:46:54] [482]	training-rmse:0.00784
[13:46:54] [483]	training-rmse:0.00781
[13:46:54] [484]	training-rmse:0.00773
[13:46:54] [485]	training-rmse:0.00768
[13:46:54] [486]	training-rmse:0.00760
[13:46:55] [487]	training-rmse:0.00753
[13:46:55] [488]	training-rmse:0.00745
[13:46:55] [489]	training-rmse:0.00739
[13:46:55] [490]	training-rmse:0.00733
[13:46:55] [491]	training-rmse:0.00726
[13:46:55] [492]	training-rmse:0.00722
[13:46:55] [493]	training-rmse:0.00717
[13:46:55] [494]	training-rmse:0.00711
[13:46:55] [495]	training-rmse:0.00705
[13:46:55] [496]	training-rmse:0.00700
[13:46:55] [497]	training-rmse:0.00692
[13:46:55] [498]	training-rmse:0.00688
[13:46:55] [499]	training-rmse:0.00684
[13:46:55] [500]	training-rmse:0.00678
[13:46:55] [501]	training-rmse:0.00672
[13:46:55] [502]	training-rmse:0.00668
[13:46:55] [503]	training-rmse:0.00662
[13:46:55] [504]	training-rmse:0.00657
[13:46:55] [505]	training-rmse:0.00650
[13:46:55] [506]	training-rmse:0.00646
[13:46:55] [507]	training-rmse:0.00640
[13:46:56] [508]	training-rmse:0.00638
[13:46:56] [509]	training-rmse:0.00634
[13:46:56] [510]	training-rmse:0.00631
[13:46:56] [511]	training-rmse:0.00627
[13:46:56] [512]	training-rmse:0.00624
[13:46:56] [513]	training-rmse:0.00619
[13:46:56] [514]	training-rmse:0.00612
[13:46:56] [515]	training-rmse:0.00610
[13:46:56] [516]	training-rmse:0.00605
[13:46:56] [517]	training-rmse:0.00600
[13:46:56] [518]	training-rmse:0.00597
[13:46:56] [519]	training-rmse:0.00592
[13:46:56] [520]	training-rmse:0.00588
[13:46:56] [521]	training-rmse:0.00585
[13:46:56] [522]	training-rmse:0.00583
[13:46:56] [523]	training-rmse:0.00580
[13:46:56] [524]	training-rmse:0.00575
[13:46:56] [525]	training-rmse:0.00570
[13:46:56] [526]	training-rmse:0.00565
[13:46:56] [527]	training-rmse:0.00564
[13:46:56] [528]	training-rmse:0.00561
[13:46:56] [529]	training-rmse:0.00555
[13:46:56] [530]	training-rmse:0.00550
[13:46:57] [531]	training-rmse:0.00544
[13:46:57] [532]	training-rmse:0.00538
[13:46:57] [533]	training-rmse:0.00534
[13:46:57] [534]	training-rmse:0.00529
[13:46:57] [535]	training-rmse:0.00524
[13:46:57] [536]	training-rmse:0.00519
[13:46:57] [537]	training-rmse:0.00515
[13:46:57] [538]	training-rmse:0.00511
[13:46:57] [539]	training-rmse:0.00509
[13:46:57] [540]	training-rmse:0.00506
[13:46:57] [541]	training-rmse:0.00501
[13:46:57] [542]	training-rmse:0.00497
[13:46:57] [543]	training-rmse:0.00492
[13:46:57] [544]	training-rmse:0.00489
[13:46:57] [545]	training-rmse:0.00485
[13:46:57] [546]	training-rmse:0.00482
[13:46:57] [547]	training-rmse:0.00478
[13:46:57] [548]	training-rmse:0.00475
[13:46:57] [549]	training-rmse:0.00474
[13:46:57] [550]	training-rmse:0.00468
[13:46:57] [551]	training-rmse:0.00465
[13:46:57] [552]	training-rmse:0.00460
[13:46:57] [553]	training-rmse:0.00458
[13:46:58] [554]	training-rmse:0.00453
[13:46:58] [555]	training-rmse:0.00451
[13:46:58] [556]	training-rmse:0.00447
[13:46:58] [557]	training-rmse:0.00443
[13:46:58] [558]	training-rmse:0.00441
[13:46:58] [559]	training-rmse:0.00437
[13:46:58] [560]	training-rmse:0.00435
[13:46:58] [561]	training-rmse:0.00434
[13:46:58] [562]	training-rmse:0.00431
[13:46:58] [563]	training-rmse:0.00429
[13:46:58] [564]	training-rmse:0.00427
[13:46:58] [565]	training-rmse:0.00422
[13:46:58] [566]	training-rmse:0.00421
[13:46:58] [567]	training-rmse:0.00418
[13:46:58] [568]	training-rmse:0.00415
[13:46:58] [569]	training-rmse:0.00412
[13:46:58] [570]	training-rmse:0.00410
[13:46:58] [571]	training-rmse:0.00407
[13:46:58] [572]	training-rmse:0.00405
[13:46:58] [573]	training-rmse:0.00402
[13:46:58] [574]	training-rmse:0.00399
[13:46:58] [575]	training-rmse:0.00397
[13:46:58] [576]	training-rmse:0.00395
[13:46:58] [577]	training-rmse:0.00393
[13:46:58] [578]	training-rmse:0.00390
[13:46:58] [579]	training-rmse:0.00389
[13:46:58] [580]	training-rmse:0.00385
[13:46:58] [581]	training-rmse:0.00382
[13:46:59] [582]	training-rmse:0.00379
[13:46:59] [583]	training-rmse:0.00377
[13:46:59] [584]	training-rmse:0.00374
[13:46:59] [585]	training-rmse:0.00371
[13:46:59] [586]	training-rmse:0.00367
[13:46:59] [587]	training-rmse:0.00363
[13:46:59] [588]	training-rmse:0.00360
[13:46:59] [589]	training-rmse:0.00359
[13:46:59] [590]	training-rmse:0.00355
[13:46:59] [591]	training-rmse:0.00353
[13:46:59] [592]	training-rmse:0.00352
[13:46:59] [593]	training-rmse:0.00350
[13:46:59] [594]	training-rmse:0.00348
[13:46:59] [595]	training-rmse:0.00345
[13:46:59] [596]	training-rmse:0.00344
[13:46:59] [597]	training-rmse:0.00341
[13:46:59] [598]	training-rmse:0.00339
[13:46:59] [599]	training-rmse:0.00336
[Stage 112:=================================================>       (7 + 1) / 8]                                                                                2025-12-16 13:47:00,864 INFO XGBoost-PySpark: _fit Finished xgboost training!
2025-12-16 13:47:01,336 INFO XGBoost-PySpark: predict_udf Do the inference on the CPUs
[Stage 120:>                                                        (0 + 1) / 1]                                                                                [Stage 122:>                                                        (0 + 1) / 1]                                                                                Reading parquet from: ./data_parquet/multiversx_features_tuned.parquet
Train rows: 1222 | Test rows: 365
Using 111 features.

=== Models (Fast) ===
Linear Reg         RMSE(log)=0.296112  R2(log)=0.426516  RMSE(raw)=251433.584
Saved: linear_regression -> models/20251216_134618/linear_regression
Decision Tree      RMSE(log)=0.338854  R2(log)=0.249011  RMSE(raw)=308928.251
Saved: decision_tree -> models/20251216_134618/decision_tree
Random Forest      RMSE(log)=0.304718  R2(log)=0.392697  RMSE(raw)=281154.417
Saved: random_forest -> models/20251216_134618/random_forest
XGBoost            RMSE(log)=0.305270  R2(log)=0.390495  RMSE(raw)=301175.450
Saved: xgboost -> models/20251216_134618/xgboost
Saved run_info.json -> models/20251216_134618/run_info.json
